<?xml version="1.0" encoding="UTF-8" ?>
<testsuite errors="0" failures="0" hostname="unipe-VirtualBox" name="br.com.projeto.ValoresTesteCase" skipped="0" tests="6" time="0.426" timestamp="2017-05-27T17:38:25">
  <properties>
[...]
</properties>
  <testcase classname="br.com.projeto.ValoresTesteCase" name="testDel" time="0.015" />
  <testcase classname="br.com.projeto.ValoresTesteCase" name="testLower" time="0.013" />
  <testcase classname="br.com.projeto.ValoresTesteCase" name="testMean" time="0.0" />
  <testcase classname="br.com.projeto.ValoresTesteCase" name="testSize" time="0.001" />
  <testcase classname="br.com.projeto.ValoresTesteCase" name="testGreater" time="0.001" />
  <testcase classname="br.com.projeto.ValoresTesteCase" name="testInserir" time="0.003" />
  <system-out><![CDATA[]]></system-out>
  <system-err><![CDATA[]]></system-err>
</testsuite>
